[2025-01-26 19:48:10,579: INFO: stage_01_data_ingestion: >>>>>> stage Data Ingestion stage started <<<<<<]
[2025-01-26 19:48:10,579: INFO: common: yaml file: E:\works\chest_cancer-mlops\Chest-Cancer-Detection-using-MLOps\src\ChestCancerClassifier\config\config.yaml loaded successfully]
[2025-01-26 19:48:10,594: INFO: common: yaml file: E:\works\chest_cancer-mlops\Chest-Cancer-Detection-using-MLOps\src\ChestCancerClassifier\params.yaml loaded successfully]
[2025-01-26 19:48:10,594: INFO: common: created directory at: artifacts]
[2025-01-26 19:48:10,597: INFO: common: created directory at: artifacts/data_ingestion]
[2025-01-26 19:48:10,598: INFO: data_ingestion: Downloading data from https://drive.google.com/file/d/1z0mreUtRmR-P-magILsDR3T7M6IkGXtY/view?usp=sharing into file artifacts/data_ingestion/data.zip]
[2025-01-26 19:52:23,078: INFO: stage_01_data_ingestion: >>>>>> stage Data Ingestion stage started <<<<<<]
[2025-01-26 19:52:23,078: INFO: common: yaml file: E:\works\chest_cancer-mlops\Chest-Cancer-Detection-using-MLOps\src\ChestCancerClassifier\config\config.yaml loaded successfully]
[2025-01-26 19:52:23,078: INFO: common: yaml file: E:\works\chest_cancer-mlops\Chest-Cancer-Detection-using-MLOps\src\ChestCancerClassifier\params.yaml loaded successfully]
[2025-01-26 19:52:23,078: INFO: common: created directory at: artifacts]
[2025-01-26 19:52:23,078: INFO: common: created directory at: artifacts/data_ingestion]
[2025-01-26 19:52:23,078: INFO: data_ingestion: Downloading data from https://drive.google.com/file/d/1z0mreUtRmR-P-magILsDR3T7M6IkGXtY/view?usp=sharing into file artifacts/data_ingestion/data.zip]
[2025-01-26 19:54:33,267: INFO: stage_01_data_ingestion: >>>>>> stage Data Ingestion stage started <<<<<<]
[2025-01-26 19:54:33,275: INFO: common: yaml file: E:\works\chest_cancer-mlops\Chest-Cancer-Detection-using-MLOps\src\ChestCancerClassifier\config\config.yaml loaded successfully]
[2025-01-26 19:54:33,278: INFO: common: yaml file: E:\works\chest_cancer-mlops\Chest-Cancer-Detection-using-MLOps\src\ChestCancerClassifier\params.yaml loaded successfully]
[2025-01-26 19:54:33,278: INFO: common: created directory at: artifacts]
[2025-01-26 19:54:33,280: INFO: common: created directory at: artifacts/data_ingestion]
[2025-01-26 19:54:33,280: INFO: data_ingestion: Downloading data from https://drive.google.com/file/d/1z0mreUtRmR-P-magILsDR3T7M6IkGXtY/view?usp=sharing into file artifacts/data_ingestion/data.zip]
[2025-01-26 19:57:21,696: INFO: data_ingestion: Downloaded data from https://drive.google.com/file/d/1z0mreUtRmR-P-magILsDR3T7M6IkGXtY/view?usp=sharing into file artifacts/data_ingestion/data.zip]
[2025-01-26 19:57:22,219: INFO: stage_01_data_ingestion: >>>>>> stage Data Ingestion stage completed <<<<<<

x==========x]
[2025-01-26 19:59:02,035: INFO: stage_01_data_ingestion: >>>>>> stage Data Ingestion stage started <<<<<<]
[2025-01-26 19:59:02,035: INFO: common: yaml file: E:\works\chest_cancer-mlops\Chest-Cancer-Detection-using-MLOps\src\ChestCancerClassifier\config\config.yaml loaded successfully]
[2025-01-26 19:59:02,035: INFO: common: yaml file: E:\works\chest_cancer-mlops\Chest-Cancer-Detection-using-MLOps\src\ChestCancerClassifier\params.yaml loaded successfully]
[2025-01-26 19:59:02,035: INFO: common: created directory at: artifacts]
[2025-01-26 19:59:02,035: INFO: common: created directory at: artifacts/data_ingestion]
[2025-01-26 19:59:02,035: INFO: data_ingestion: Downloading data from https://drive.google.com/file/d/1z0mreUtRmR-P-magILsDR3T7M6IkGXtY/view?usp=sharing into file artifacts/data_ingestion/data.zip]
[2025-01-26 19:59:12,911: INFO: data_ingestion: Downloaded data from https://drive.google.com/file/d/1z0mreUtRmR-P-magILsDR3T7M6IkGXtY/view?usp=sharing into file artifacts/data_ingestion/data.zip]
[2025-01-26 19:59:13,349: INFO: stage_01_data_ingestion: >>>>>> stage Data Ingestion stage completed <<<<<<

x==========x]
[2025-01-26 20:26:20,749: INFO: common: yaml file: E:\works\Main Project\Fall Detection Using MLOps\src\ChestCancerClassifier\config\config.yaml loaded successfully]
[2025-01-26 20:26:20,755: INFO: common: yaml file: E:\works\Main Project\Fall Detection Using MLOps\src\ChestCancerClassifier\params.yaml loaded successfully]
[2025-01-26 20:26:20,759: INFO: common: created directory at: artifacts]
[2025-01-26 20:26:20,762: INFO: common: created directory at: artifacts/data_ingestion]
[2025-01-26 20:26:20,766: INFO: 1522849741: Downloading data from https://drive.google.com/uc?id=1rf6azR-SiwxFGdee5N3SIuMB-Rz3kCph into file artifacts/data_ingestion/data.zip]
[2025-01-26 20:29:23,192: INFO: stage_01_data_ingestion: >>>>>> stage Data Ingestion stage started <<<<<<]
[2025-01-26 20:29:23,192: INFO: common: yaml file: E:\works\chest_cancer-mlops\Chest-Cancer-Detection-using-MLOps\src\ChestCancerClassifier\config\config.yaml loaded successfully]
[2025-01-26 20:29:23,218: INFO: common: yaml file: E:\works\chest_cancer-mlops\Chest-Cancer-Detection-using-MLOps\src\ChestCancerClassifier\params.yaml loaded successfully]
[2025-01-26 20:29:23,227: INFO: common: created directory at: artifacts]
[2025-01-26 20:29:23,229: INFO: common: created directory at: artifacts/data_ingestion]
[2025-01-26 20:29:23,230: INFO: data_ingestion: Downloading data from https://drive.google.com/file/d/1z0mreUtRmR-P-magILsDR3T7M6IkGXtY/view?usp=sharing into file artifacts/data_ingestion/data.zip]
[2025-01-26 20:29:36,960: INFO: data_ingestion: Downloaded data from https://drive.google.com/file/d/1z0mreUtRmR-P-magILsDR3T7M6IkGXtY/view?usp=sharing into file artifacts/data_ingestion/data.zip]
[2025-01-26 20:29:37,460: INFO: stage_01_data_ingestion: >>>>>> stage Data Ingestion stage completed <<<<<<

x==========x]
[2025-03-27 09:20:25,260: INFO: stage_01_data_ingestion: >>>>>> stage Data Ingestion stage started <<<<<<]
[2025-03-27 09:20:25,268: INFO: common: yaml file: E:\works\Main Project\Fall Detection Using MLOps\src\ChestCancerClassifier\config\config.yaml loaded successfully]
[2025-03-27 09:20:25,274: INFO: common: yaml file: E:\works\Main Project\Fall Detection Using MLOps\src\ChestCancerClassifier\params.yaml loaded successfully]
[2025-03-27 09:20:25,274: INFO: common: created directory at: artifacts]
[2025-03-27 09:20:25,274: INFO: common: created directory at: artifacts/data_ingestion]
[2025-03-27 09:20:25,279: INFO: data_ingestion: Downloading data from https://drive.google.com/file/d/1tc8URpSj0UaHQkYWw_Z2z9PAU1bry4Ie/view?usp=sharing into file artifacts/data_ingestion/data.zip]
[2025-03-27 09:21:12,593: INFO: data_ingestion: Downloaded data from https://drive.google.com/file/d/1tc8URpSj0UaHQkYWw_Z2z9PAU1bry4Ie/view?usp=sharing into file artifacts/data_ingestion/data.zip]
[2025-03-27 09:21:38,452: INFO: stage_01_data_ingestion: >>>>>> stage Data Ingestion stage completed <<<<<<

x==========x]
[2025-03-27 09:22:33,156: INFO: stage_02_prepare_base_model: >>>>>> stage Prepare base model started <<<<<<]
[2025-03-27 09:22:33,186: INFO: common: yaml file: E:\works\chest_cancer-mlops\Chest-Cancer-Detection-using-MLOps\src\ChestCancerClassifier\config\config.yaml loaded successfully]
[2025-03-27 09:22:33,212: INFO: common: yaml file: E:\works\chest_cancer-mlops\Chest-Cancer-Detection-using-MLOps\src\ChestCancerClassifier\params.yaml loaded successfully]
[2025-03-27 09:22:33,219: INFO: common: created directory at: artifacts]
[2025-03-27 09:22:33,220: INFO: common: created directory at: artifacts/prepare_base_model]
[2025-03-27 09:22:59,385: WARNING: saving_utils: Compiled the loaded model, but the compiled metrics have yet to be built. `model.compile_metrics` will be empty until you train or evaluate the model.]
[2025-03-27 09:23:02,499: INFO: stage_02_prepare_base_model: >>>>>> stage Prepare base model completed <<<<<<

x==========x]
[2025-03-27 09:24:22,874: INFO: stage_03_model_trainer: >>>>>> stage Training started <<<<<<]
[2025-03-27 09:24:22,874: INFO: common: yaml file: E:\works\chest_cancer-mlops\Chest-Cancer-Detection-using-MLOps\src\ChestCancerClassifier\config\config.yaml loaded successfully]
[2025-03-27 09:24:22,881: INFO: common: yaml file: E:\works\chest_cancer-mlops\Chest-Cancer-Detection-using-MLOps\src\ChestCancerClassifier\params.yaml loaded successfully]
[2025-03-27 09:24:22,881: INFO: common: created directory at: artifacts]
[2025-03-27 09:24:22,884: INFO: common: created directory at: artifacts\training]
[2025-03-27 09:28:35,021: INFO: stage_03_model_trainer: >>>>>> stage Training started <<<<<<]
[2025-03-27 09:28:35,027: INFO: common: yaml file: E:\works\chest_cancer-mlops\Chest-Cancer-Detection-using-MLOps\src\ChestCancerClassifier\config\config.yaml loaded successfully]
[2025-03-27 09:28:35,034: INFO: common: yaml file: E:\works\chest_cancer-mlops\Chest-Cancer-Detection-using-MLOps\src\ChestCancerClassifier\params.yaml loaded successfully]
[2025-03-27 09:28:35,035: INFO: common: created directory at: artifacts]
[2025-03-27 09:28:35,037: INFO: common: created directory at: artifacts\training]
[2025-03-27 09:28:38,577: ERROR: stage_03_model_trainer: [WinError 3] The system cannot find the path specified: 'artifacts\\data_ingestion\\Chest-CT-Scan-data']
Traceback (most recent call last):
  File "e:/works/Main Project/Fall Detection Using MLOps/src/ChestCancerClassifier/pipeline/stage_03_model_trainer.py", line 29, in <module>
    obj.main()
  File "e:/works/Main Project/Fall Detection Using MLOps/src/ChestCancerClassifier/pipeline/stage_03_model_trainer.py", line 22, in main
    training.train_valid_generator()
  File "e:\works\chest_cancer-mlops\chest-cancer-detection-using-mlops\src\ChestCancerClassifier\components\model_trainer.py", line 36, in train_valid_generator
    self.valid_generator = valid_datagenerator.flow_from_directory(
  File "E:\Conda\envs\mlproj\lib\site-packages\keras\preprocessing\image.py", line 1648, in flow_from_directory
    return DirectoryIterator(
  File "E:\Conda\envs\mlproj\lib\site-packages\keras\preprocessing\image.py", line 563, in __init__
    for subdir in sorted(os.listdir(directory)):
FileNotFoundError: [WinError 3] The system cannot find the path specified: 'artifacts\\data_ingestion\\Chest-CT-Scan-data'
[2025-03-27 09:29:31,612: INFO: stage_03_model_trainer: >>>>>> stage Training started <<<<<<]
[2025-03-27 09:29:31,620: INFO: common: yaml file: E:\works\Main Project\Fall Detection Using MLOps\src\ChestCancerClassifier\config\config.yaml loaded successfully]
[2025-03-27 09:29:31,624: INFO: common: yaml file: E:\works\Main Project\Fall Detection Using MLOps\src\ChestCancerClassifier\params.yaml loaded successfully]
[2025-03-27 09:29:31,629: INFO: common: created directory at: artifacts]
[2025-03-27 09:29:31,629: INFO: common: created directory at: artifacts\training]
[2025-03-27 09:29:35,170: ERROR: stage_03_model_trainer: [WinError 3] The system cannot find the path specified: 'artifacts\\data_ingestion\\fall and nonfall']
Traceback (most recent call last):
  File "e:/works/Main Project/Fall Detection Using MLOps/src/ChestCancerClassifier/pipeline/stage_03_model_trainer.py", line 35, in <module>
    obj.main()
  File "e:/works/Main Project/Fall Detection Using MLOps/src/ChestCancerClassifier/pipeline/stage_03_model_trainer.py", line 28, in main
    training.train_valid_generator()
  File "E:\works\Main Project\Fall Detection Using MLOps\src\ChestCancerClassifier\components\model_trainer.py", line 44, in train_valid_generator
    self.valid_generator = valid_datagenerator.flow_from_directory(
  File "E:\Conda\envs\mlproj\lib\site-packages\keras\preprocessing\image.py", line 1648, in flow_from_directory
    return DirectoryIterator(
  File "E:\Conda\envs\mlproj\lib\site-packages\keras\preprocessing\image.py", line 563, in __init__
    for subdir in sorted(os.listdir(directory)):
FileNotFoundError: [WinError 3] The system cannot find the path specified: 'artifacts\\data_ingestion\\fall and nonfall'
[2025-03-27 09:30:26,186: INFO: stage_03_model_trainer: >>>>>> stage Training started <<<<<<]
[2025-03-27 09:30:26,193: INFO: common: yaml file: E:\works\Main Project\Fall Detection Using MLOps\src\ChestCancerClassifier\config\config.yaml loaded successfully]
[2025-03-27 09:30:26,196: INFO: common: yaml file: E:\works\Main Project\Fall Detection Using MLOps\src\ChestCancerClassifier\params.yaml loaded successfully]
[2025-03-27 09:30:26,200: INFO: common: created directory at: artifacts]
[2025-03-27 09:30:26,200: INFO: common: created directory at: artifacts\training]
[2025-03-27 09:30:29,897: ERROR: stage_03_model_trainer: [WinError 3] The system cannot find the path specified: 'artifacts\\data_ingestion\\fall and nonfall']
Traceback (most recent call last):
  File "e:/works/Main Project/Fall Detection Using MLOps/src/ChestCancerClassifier/pipeline/stage_03_model_trainer.py", line 35, in <module>
    obj.main()
  File "e:/works/Main Project/Fall Detection Using MLOps/src/ChestCancerClassifier/pipeline/stage_03_model_trainer.py", line 28, in main
    training.train_valid_generator()
  File "E:\works\Main Project\Fall Detection Using MLOps\src\ChestCancerClassifier\components\model_trainer.py", line 44, in train_valid_generator
    self.valid_generator = valid_datagenerator.flow_from_directory(
  File "E:\Conda\envs\mlproj\lib\site-packages\keras\preprocessing\image.py", line 1648, in flow_from_directory
    return DirectoryIterator(
  File "E:\Conda\envs\mlproj\lib\site-packages\keras\preprocessing\image.py", line 563, in __init__
    for subdir in sorted(os.listdir(directory)):
FileNotFoundError: [WinError 3] The system cannot find the path specified: 'artifacts\\data_ingestion\\fall and nonfall'
[2025-03-27 09:33:27,589: INFO: stage_03_model_trainer: >>>>>> stage Training started <<<<<<]
[2025-03-27 09:33:27,589: INFO: common: yaml file: E:\works\Main Project\Fall Detection Using MLOps\src\ChestCancerClassifier\config\config.yaml loaded successfully]
[2025-03-27 09:33:27,596: INFO: common: yaml file: E:\works\Main Project\Fall Detection Using MLOps\src\ChestCancerClassifier\params.yaml loaded successfully]
[2025-03-27 09:33:27,596: INFO: common: created directory at: artifacts]
[2025-03-27 09:33:27,600: INFO: common: created directory at: artifacts\training]
[2025-03-27 13:58:36,366: INFO: stage_03_model_trainer: >>>>>> stage Training completed <<<<<<

x==========x]
[2025-03-27 14:22:20,390: INFO: stage_04_model_evaluation: >>>>>> stage Evaluation stage started <<<<<<]
[2025-03-27 14:22:20,425: INFO: common: yaml file: E:\works\chest_cancer-mlops\Chest-Cancer-Detection-using-MLOps\src\ChestCancerClassifier\config\config.yaml loaded successfully]
[2025-03-27 14:22:20,454: INFO: common: yaml file: E:\works\chest_cancer-mlops\Chest-Cancer-Detection-using-MLOps\src\ChestCancerClassifier\params.yaml loaded successfully]
[2025-03-27 14:22:20,460: INFO: common: created directory at: artifacts]
[2025-03-27 14:22:25,038: ERROR: stage_04_model_evaluation: [WinError 3] The system cannot find the path specified: 'artifacts/data_ingestion/Chest-CT-Scan-data']
Traceback (most recent call last):
  File "e:/works/Main Project/Fall Detection Using MLOps/src/ChestCancerClassifier/pipeline/stage_04_model_evaluation.py", line 28, in <module>
    obj.main()
  File "e:/works/Main Project/Fall Detection Using MLOps/src/ChestCancerClassifier/pipeline/stage_04_model_evaluation.py", line 21, in main
    evaluation.evaluation()
  File "e:\works\chest_cancer-mlops\chest-cancer-detection-using-mlops\src\ChestCancerClassifier\components\model_evaluation_mlflow.py", line 47, in evaluation
    self._valid_generator()
  File "e:\works\chest_cancer-mlops\chest-cancer-detection-using-mlops\src\ChestCancerClassifier\components\model_evaluation_mlflow.py", line 32, in _valid_generator
    self.valid_generator = valid_datagenerator.flow_from_directory(
  File "E:\Conda\envs\mlproj\lib\site-packages\keras\preprocessing\image.py", line 1648, in flow_from_directory
    return DirectoryIterator(
  File "E:\Conda\envs\mlproj\lib\site-packages\keras\preprocessing\image.py", line 563, in __init__
    for subdir in sorted(os.listdir(directory)):
FileNotFoundError: [WinError 3] The system cannot find the path specified: 'artifacts/data_ingestion/Chest-CT-Scan-data'
[2025-03-27 14:23:40,834: INFO: stage_04_model_evaluation: >>>>>> stage Evaluation stage started <<<<<<]
[2025-03-27 14:23:40,885: INFO: common: yaml file: E:\works\Main Project\Fall Detection Using MLOps\src\ChestCancerClassifier\config\config.yaml loaded successfully]
[2025-03-27 14:23:40,921: INFO: common: yaml file: E:\works\Main Project\Fall Detection Using MLOps\src\ChestCancerClassifier\params.yaml loaded successfully]
[2025-03-27 14:23:40,926: INFO: common: created directory at: artifacts]
[2025-03-27 14:32:23,279: INFO: common: json file saved at: scores.json]
[2025-03-27 14:32:23,286: INFO: common: json file saved at: scores.json]
[2025-03-27 14:32:23,287: INFO: stage_04_model_evaluation: >>>>>> stage Evaluation stage completed <<<<<<

x==========x]
[2025-03-27 14:40:33,562: INFO: stage_01_data_ingestion: >>>>>> stage Data Ingestion stage started <<<<<<]
[2025-03-27 14:40:33,562: INFO: common: yaml file: E:\works\Main Project\Fall Detection Using MLOps\src\ChestCancerClassifier\config\config.yaml loaded successfully]
[2025-03-27 14:40:33,570: INFO: common: yaml file: E:\works\Main Project\Fall Detection Using MLOps\src\ChestCancerClassifier\params.yaml loaded successfully]
[2025-03-27 14:40:33,570: INFO: common: created directory at: artifacts]
[2025-03-27 14:40:33,572: INFO: common: created directory at: artifacts/data_ingestion]
[2025-03-27 14:40:33,572: INFO: data_ingestion: Downloading data from https://drive.google.com/file/d/1tc8URpSj0UaHQkYWw_Z2z9PAU1bry4Ie/view?usp=sharing into file artifacts/data_ingestion/data.zip]
[2025-03-27 14:41:22,712: INFO: data_ingestion: Downloaded data from https://drive.google.com/file/d/1tc8URpSj0UaHQkYWw_Z2z9PAU1bry4Ie/view?usp=sharing into file artifacts/data_ingestion/data.zip]
[2025-03-27 14:41:45,524: INFO: stage_01_data_ingestion: >>>>>> stage Data Ingestion stage completed <<<<<<

x==========x]
[2025-03-27 15:16:07,713: INFO: stage_01_data_ingestion: >>>>>> stage Data Ingestion stage started <<<<<<]
[2025-03-27 15:16:07,713: INFO: common: yaml file: E:\works\Main Project\Fall Detection Using MLOps\src\ChestCancerClassifier\config\config.yaml loaded successfully]
[2025-03-27 15:16:07,721: INFO: common: yaml file: E:\works\Main Project\Fall Detection Using MLOps\src\ChestCancerClassifier\params.yaml loaded successfully]
[2025-03-27 15:16:07,721: INFO: common: created directory at: artifacts]
[2025-03-27 15:16:07,721: INFO: common: created directory at: artifacts/data_ingestion]
[2025-03-27 15:16:07,721: INFO: data_ingestion: Downloading data from https://drive.google.com/file/d/1tc8URpSj0UaHQkYWw_Z2z9PAU1bry4Ie/view?usp=sharing into file artifacts/data_ingestion/data.zip]
[2025-03-27 15:16:55,894: INFO: data_ingestion: Downloaded data from https://drive.google.com/file/d/1tc8URpSj0UaHQkYWw_Z2z9PAU1bry4Ie/view?usp=sharing into file artifacts/data_ingestion/data.zip]
[2025-03-27 15:17:17,079: INFO: stage_01_data_ingestion: >>>>>> stage Data Ingestion stage completed <<<<<<

x==========x]
[2025-03-29 17:02:09,810: INFO: stage_02_prepare_base_model: >>>>>> stage Prepare base model started <<<<<<]
[2025-03-29 17:02:09,857: INFO: common: yaml file: E:\works\chest_cancer-mlops\Chest-Cancer-Detection-using-MLOps\src\ChestCancerClassifier\config\config.yaml loaded successfully]
[2025-03-29 17:02:09,903: INFO: common: yaml file: E:\works\chest_cancer-mlops\Chest-Cancer-Detection-using-MLOps\src\ChestCancerClassifier\params.yaml loaded successfully]
[2025-03-29 17:02:09,905: INFO: common: created directory at: artifacts]
[2025-03-29 17:02:09,912: INFO: common: created directory at: artifacts/prepare_base_model]
[2025-03-29 17:02:15,925: WARNING: saving_utils: Compiled the loaded model, but the compiled metrics have yet to be built. `model.compile_metrics` will be empty until you train or evaluate the model.]
[2025-03-29 17:02:18,971: INFO: stage_02_prepare_base_model: >>>>>> stage Prepare base model completed <<<<<<

x==========x]
[2025-03-30 08:51:28,582: INFO: stage_01_data_ingestion: >>>>>> stage Data Ingestion stage started <<<<<<]
[2025-03-30 08:51:28,597: INFO: common: yaml file: E:\works\Main Project\Fall Detection Using MLOps\src\ChestCancerClassifier\config\config.yaml loaded successfully]
[2025-03-30 08:51:28,623: INFO: common: yaml file: E:\works\Main Project\Fall Detection Using MLOps\src\ChestCancerClassifier\params.yaml loaded successfully]
[2025-03-30 08:51:28,623: INFO: common: created directory at: artifacts]
[2025-03-30 08:51:28,623: INFO: common: created directory at: artifacts/data_ingestion]
[2025-03-30 08:51:28,623: INFO: data_ingestion: Downloading data from https://drive.google.com/file/d/1tc8URpSj0UaHQkYWw_Z2z9PAU1bry4Ie/view?usp=sharing into file artifacts/data_ingestion/data.zip]
[2025-03-30 08:52:10,893: INFO: data_ingestion: Downloaded data from https://drive.google.com/file/d/1tc8URpSj0UaHQkYWw_Z2z9PAU1bry4Ie/view?usp=sharing into file artifacts/data_ingestion/data.zip]
[2025-03-30 08:52:35,885: INFO: stage_01_data_ingestion: >>>>>> stage Data Ingestion stage completed <<<<<<

x==========x]
[2025-03-30 08:52:55,385: INFO: stage_02_prepare_base_model: >>>>>> stage Prepare base model started <<<<<<]
[2025-03-30 08:52:55,410: INFO: common: yaml file: E:\works\chest_cancer-mlops\Chest-Cancer-Detection-using-MLOps\src\ChestCancerClassifier\config\config.yaml loaded successfully]
[2025-03-30 08:52:55,434: INFO: common: yaml file: E:\works\chest_cancer-mlops\Chest-Cancer-Detection-using-MLOps\src\ChestCancerClassifier\params.yaml loaded successfully]
[2025-03-30 08:52:55,439: INFO: common: created directory at: artifacts]
[2025-03-30 08:52:55,440: INFO: common: created directory at: artifacts/prepare_base_model]
[2025-03-30 08:52:58,813: WARNING: saving_utils: Compiled the loaded model, but the compiled metrics have yet to be built. `model.compile_metrics` will be empty until you train or evaluate the model.]
[2025-03-30 08:53:01,997: INFO: stage_02_prepare_base_model: >>>>>> stage Prepare base model completed <<<<<<

x==========x]
[2025-03-30 08:53:21,694: INFO: stage_03_model_trainer: >>>>>> stage Training started <<<<<<]
[2025-03-30 08:53:21,694: INFO: common: yaml file: E:\works\Main Project\Fall Detection Using MLOps\src\ChestCancerClassifier\config\config.yaml loaded successfully]
[2025-03-30 08:53:21,708: INFO: common: yaml file: E:\works\Main Project\Fall Detection Using MLOps\src\ChestCancerClassifier\params.yaml loaded successfully]
[2025-03-30 08:53:21,711: INFO: common: created directory at: artifacts]
[2025-03-30 08:53:21,712: INFO: common: created directory at: artifacts\training]
[2025-04-04 10:30:22,581: INFO: stage_03_model_trainer: >>>>>> stage Training started <<<<<<]
[2025-04-04 10:30:22,588: INFO: common: yaml file: E:\works\Main Project\Fall Detection Using MLOps\src\ChestCancerClassifier\config\config.yaml loaded successfully]
[2025-04-04 10:30:22,602: INFO: common: yaml file: E:\works\Main Project\Fall Detection Using MLOps\src\ChestCancerClassifier\params.yaml loaded successfully]
[2025-04-04 10:30:22,609: INFO: common: created directory at: artifacts]
[2025-04-04 10:30:22,609: INFO: common: created directory at: artifacts\training]
[2025-04-04 10:43:47,228: INFO: stage_03_model_trainer: >>>>>> stage Training started <<<<<<]
[2025-04-04 10:43:47,228: INFO: common: yaml file: E:\works\Main Project\Fall Detection Using MLOps\src\ChestCancerClassifier\config\config.yaml loaded successfully]
[2025-04-04 10:43:47,235: INFO: common: yaml file: E:\works\Main Project\Fall Detection Using MLOps\src\ChestCancerClassifier\params.yaml loaded successfully]
[2025-04-04 10:43:47,235: INFO: common: created directory at: artifacts]
[2025-04-04 10:43:47,238: INFO: common: created directory at: artifacts\training]
[2025-04-04 11:21:52,517: INFO: stage_01_data_ingestion: >>>>>> stage Data Ingestion stage started <<<<<<]
[2025-04-04 11:21:52,523: INFO: common: yaml file: E:\works\Main Project\Fall Detection Using MLOps\src\ChestCancerClassifier\config\config.yaml loaded successfully]
[2025-04-04 11:21:52,523: INFO: common: yaml file: E:\works\Main Project\Fall Detection Using MLOps\src\ChestCancerClassifier\params.yaml loaded successfully]
[2025-04-04 11:21:52,523: INFO: common: created directory at: artifacts]
[2025-04-04 11:21:52,523: INFO: common: created directory at: artifacts/data_ingestion]
[2025-04-04 11:21:52,528: INFO: data_ingestion: Downloading data from https://drive.google.com/file/d/1tc8URpSj0UaHQkYWw_Z2z9PAU1bry4Ie/view?usp=sharing into file artifacts/data_ingestion/data.zip]
[2025-04-04 11:22:34,754: INFO: data_ingestion: Downloaded data from https://drive.google.com/file/d/1tc8URpSj0UaHQkYWw_Z2z9PAU1bry4Ie/view?usp=sharing into file artifacts/data_ingestion/data.zip]
[2025-04-04 11:22:56,091: INFO: stage_01_data_ingestion: >>>>>> stage Data Ingestion stage completed <<<<<<

x==========x]
[2025-04-04 11:23:15,577: INFO: stage_02_prepare_base_model: >>>>>> stage Prepare base model started <<<<<<]
[2025-04-04 11:23:15,612: INFO: common: yaml file: E:\works\chest_cancer-mlops\Chest-Cancer-Detection-using-MLOps\src\ChestCancerClassifier\config\config.yaml loaded successfully]
[2025-04-04 11:23:15,640: INFO: common: yaml file: E:\works\chest_cancer-mlops\Chest-Cancer-Detection-using-MLOps\src\ChestCancerClassifier\params.yaml loaded successfully]
[2025-04-04 11:23:15,642: INFO: common: created directory at: artifacts]
[2025-04-04 11:23:15,643: INFO: common: created directory at: artifacts/prepare_base_model]
[2025-04-04 11:23:17,879: WARNING: saving_utils: Compiled the loaded model, but the compiled metrics have yet to be built. `model.compile_metrics` will be empty until you train or evaluate the model.]
[2025-04-04 11:23:20,071: INFO: stage_02_prepare_base_model: >>>>>> stage Prepare base model completed <<<<<<

x==========x]
[2025-04-04 11:35:59,556: INFO: stage_03_model_trainer: >>>>>> stage Training started <<<<<<]
[2025-04-04 11:35:59,564: INFO: common: yaml file: E:\works\Main Project\Fall Detection Using MLOps\src\ChestCancerClassifier\config\config.yaml loaded successfully]
[2025-04-04 11:35:59,564: INFO: common: yaml file: E:\works\Main Project\Fall Detection Using MLOps\src\ChestCancerClassifier\params.yaml loaded successfully]
[2025-04-04 11:35:59,564: INFO: common: created directory at: artifacts]
[2025-04-04 11:35:59,564: INFO: common: created directory at: artifacts\training]
[2025-04-04 11:39:44,550: INFO: stage_03_model_trainer: >>>>>> stage Training started <<<<<<]
[2025-04-04 11:39:44,552: INFO: common: yaml file: E:\works\Main Project\Fall Detection Using MLOps\src\ChestCancerClassifier\config\config.yaml loaded successfully]
[2025-04-04 11:39:44,554: INFO: common: yaml file: E:\works\Main Project\Fall Detection Using MLOps\src\ChestCancerClassifier\params.yaml loaded successfully]
[2025-04-04 11:39:44,554: INFO: common: created directory at: artifacts]
[2025-04-04 11:39:44,559: INFO: common: created directory at: artifacts\training]
[2025-04-04 11:46:34,004: INFO: stage_03_model_trainer: >>>>>> stage Training started <<<<<<]
[2025-04-04 11:46:34,004: INFO: common: yaml file: E:\works\Main Project\Fall Detection Using MLOps\src\ChestCancerClassifier\config\config.yaml loaded successfully]
[2025-04-04 11:46:34,011: INFO: common: yaml file: E:\works\Main Project\Fall Detection Using MLOps\src\ChestCancerClassifier\params.yaml loaded successfully]
[2025-04-04 11:46:34,011: INFO: common: created directory at: artifacts]
[2025-04-04 11:46:34,015: INFO: common: created directory at: artifacts\training]
[2025-04-04 11:47:20,858: INFO: stage_03_model_trainer: >>>>>> stage Training started <<<<<<]
[2025-04-04 11:47:20,867: INFO: common: yaml file: E:\works\Main Project\Fall Detection Using MLOps\src\ChestCancerClassifier\config\config.yaml loaded successfully]
[2025-04-04 11:47:20,875: INFO: common: yaml file: E:\works\Main Project\Fall Detection Using MLOps\src\ChestCancerClassifier\params.yaml loaded successfully]
[2025-04-04 11:47:20,876: INFO: common: created directory at: artifacts]
[2025-04-04 11:47:20,877: INFO: common: created directory at: artifacts\training]
[2025-04-04 13:02:59,172: INFO: stage_03_model_trainer: >>>>>> stage Training completed <<<<<<

x==========x]
[2025-04-04 13:24:32,037: INFO: stage_04_model_evaluation: >>>>>> stage Evaluation stage started <<<<<<]
[2025-04-04 13:24:32,047: INFO: common: yaml file: E:\works\Main Project\Fall Detection Using MLOps\src\ChestCancerClassifier\config\config.yaml loaded successfully]
[2025-04-04 13:24:32,075: INFO: common: yaml file: E:\works\Main Project\Fall Detection Using MLOps\src\ChestCancerClassifier\params.yaml loaded successfully]
[2025-04-04 13:24:32,076: INFO: common: created directory at: artifacts]
[2025-04-04 13:36:02,804: INFO: common: json file saved at: scores.json]
[2025-04-04 13:36:02,805: INFO: common: json file saved at: scores.json]
[2025-04-04 13:36:02,805: INFO: stage_04_model_evaluation: >>>>>> stage Evaluation stage completed <<<<<<

x==========x]
[2025-04-04 14:45:20,136: INFO: stage_02_prepare_base_model: >>>>>> stage Prepare base model started <<<<<<]
[2025-04-04 14:45:20,162: INFO: common: yaml file: E:\works\chest_cancer-mlops\Chest-Cancer-Detection-using-MLOps\src\ChestCancerClassifier\config\config.yaml loaded successfully]
[2025-04-04 14:45:20,197: INFO: common: yaml file: E:\works\chest_cancer-mlops\Chest-Cancer-Detection-using-MLOps\src\ChestCancerClassifier\params.yaml loaded successfully]
[2025-04-04 14:45:20,200: INFO: common: created directory at: artifacts]
[2025-04-04 14:45:20,200: INFO: common: created directory at: artifacts/prepare_base_model]
[2025-04-04 14:45:22,205: WARNING: saving_utils: Compiled the loaded model, but the compiled metrics have yet to be built. `model.compile_metrics` will be empty until you train or evaluate the model.]
[2025-04-04 14:45:24,199: INFO: stage_02_prepare_base_model: >>>>>> stage Prepare base model completed <<<<<<

x==========x]
[2025-04-04 15:09:56,304: INFO: stage_03_model_trainer: >>>>>> stage Training started <<<<<<]
[2025-04-04 15:09:56,311: INFO: common: yaml file: E:\works\Main Project\Fall Detection Using MLOps\src\ChestCancerClassifier\config\config.yaml loaded successfully]
[2025-04-04 15:09:56,321: INFO: common: yaml file: E:\works\Main Project\Fall Detection Using MLOps\src\ChestCancerClassifier\params.yaml loaded successfully]
[2025-04-04 15:09:56,322: INFO: common: created directory at: artifacts]
[2025-04-04 15:09:56,323: INFO: common: created directory at: artifacts\training]
[2025-04-04 16:05:47,262: INFO: stage_03_model_trainer: >>>>>> stage Training completed <<<<<<

x==========x]
[2025-04-04 16:08:47,508: INFO: stage_04_model_evaluation: >>>>>> stage Evaluation started <<<<<<]
[2025-04-04 16:08:47,508: INFO: stage_04_model_evaluation: Loading evaluation configuration...]
[2025-04-04 16:08:47,515: INFO: common: yaml file: E:\works\Main Project\Fall Detection Using MLOps\src\ChestCancerClassifier\config\config.yaml loaded successfully]
[2025-04-04 16:08:47,519: INFO: common: yaml file: E:\works\Main Project\Fall Detection Using MLOps\src\ChestCancerClassifier\params.yaml loaded successfully]
[2025-04-04 16:08:47,521: INFO: common: created directory at: artifacts]
[2025-04-04 16:08:47,551: INFO: tokens: Removed expired tokens from the token cache]
[2025-04-04 16:08:58,610: INFO: _client: HTTP Request: POST https://dagshub.com/login/oauth/middleman "HTTP/1.1 200 OK"]
[2025-04-04 16:08:59,626: INFO: _client: HTTP Request: POST https://dagshub.com/login/oauth/access_token "HTTP/1.1 200 OK"]
[2025-04-04 16:09:00,985: INFO: _client: HTTP Request: GET https://dagshub.com/api/v1/user "HTTP/1.1 200 OK"]
[2025-04-04 16:09:00,994: INFO: helpers: Accessing as JeevanBiju]
[2025-04-04 16:09:02,603: INFO: _client: HTTP Request: GET https://dagshub.com/api/v1/repos/Annmary777/Fall-Detection-Project "HTTP/1.1 200 OK"]
[2025-04-04 16:09:02,609: INFO: helpers: Initialized MLflow to track repo "Annmary777/Fall-Detection-Project"]
[2025-04-04 16:09:02,617: INFO: helpers: Repository Annmary777/Fall-Detection-Project initialized!]
[2025-04-04 16:09:02,617: INFO: stage_04_model_evaluation: Starting MLflow run...]
[2025-04-04 16:09:03,455: ERROR: stage_04_model_evaluation: API request to endpoint /api/2.0/mlflow/runs/create failed with error code 403 != 200. Response body: '']
Traceback (most recent call last):
  File "src/ChestCancerClassifier/pipeline/stage_04_model_evaluation.py", line 150, in <module>
    obj.main()
  File "src/ChestCancerClassifier/pipeline/stage_04_model_evaluation.py", line 63, in main
    with mlflow.start_run(run_name=STAGE_NAME):
  File "E:\Conda\envs\mlproj\lib\site-packages\mlflow\tracking\fluent.py", line 350, in start_run
    active_run_obj = client.create_run(
  File "E:\Conda\envs\mlproj\lib\site-packages\mlflow\tracking\client.py", line 275, in create_run
    return self._tracking_client.create_run(experiment_id, start_time, tags, run_name)
  File "E:\Conda\envs\mlproj\lib\site-packages\mlflow\tracking\_tracking_service\client.py", line 131, in create_run
    return self.store.create_run(
  File "E:\Conda\envs\mlproj\lib\site-packages\mlflow\store\tracking\rest_store.py", line 175, in create_run
    response_proto = self._call_endpoint(CreateRun, req_body)
  File "E:\Conda\envs\mlproj\lib\site-packages\mlflow\store\tracking\rest_store.py", line 56, in _call_endpoint
    return call_endpoint(self.get_host_creds(), endpoint, method, json_body, response_proto)
  File "E:\Conda\envs\mlproj\lib\site-packages\mlflow\utils\rest_utils.py", line 281, in call_endpoint
    response = verify_rest_response(response, endpoint)
  File "E:\Conda\envs\mlproj\lib\site-packages\mlflow\utils\rest_utils.py", line 213, in verify_rest_response
    raise MlflowException(
mlflow.exceptions.MlflowException: API request to endpoint /api/2.0/mlflow/runs/create failed with error code 403 != 200. Response body: ''
[2025-04-04 16:17:16,986: INFO: stage_04_model_evaluation: >>>>>> stage Evaluation started <<<<<<]
[2025-04-04 16:17:16,986: INFO: stage_04_model_evaluation: Loading evaluation configuration...]
[2025-04-04 16:17:16,994: INFO: common: yaml file: E:\works\Main Project\Fall Detection Using MLOps\src\ChestCancerClassifier\config\config.yaml loaded successfully]
[2025-04-04 16:17:17,005: INFO: common: yaml file: E:\works\Main Project\Fall Detection Using MLOps\src\ChestCancerClassifier\params.yaml loaded successfully]
[2025-04-04 16:17:17,008: INFO: common: created directory at: artifacts]
[2025-04-04 16:17:18,002: INFO: _client: HTTP Request: GET https://dagshub.com/api/v1/user "HTTP/1.1 200 OK"]
[2025-04-04 16:17:18,021: INFO: helpers: Accessing as JeevanBiju]
[2025-04-04 16:17:19,313: INFO: _client: HTTP Request: GET https://dagshub.com/api/v1/repos/JeevanBiju/Fall-Detection-Using-MLOps "HTTP/1.1 200 OK"]
[2025-04-04 16:17:19,322: INFO: helpers: Initialized MLflow to track repo "JeevanBiju/Fall-Detection-Using-MLOps"]
[2025-04-04 16:17:19,325: INFO: helpers: Repository JeevanBiju/Fall-Detection-Using-MLOps initialized!]
[2025-04-04 16:17:19,327: INFO: stage_04_model_evaluation: Starting MLflow run...]
[2025-04-04 16:17:20,378: INFO: stage_04_model_evaluation: Logging evaluation parameters...]
[2025-04-04 16:17:21,174: INFO: stage_04_model_evaluation: Running evaluation...]
[2025-04-04 16:25:18,204: INFO: common: json file saved at: scores.json]
[2025-04-04 16:25:18,204: INFO: stage_04_model_evaluation: Evaluation results: None]
[2025-04-04 16:25:18,204: INFO: stage_04_model_evaluation: Logging metrics from evaluation results...]
[2025-04-04 16:25:18,204: INFO: stage_04_model_evaluation: Logging metrics from scores.json...]
[2025-04-04 16:25:37,372: WARNING: connectionpool: Retrying (Retry(total=4, connect=5, read=4, redirect=5, status=5)) after connection broken by 'ProtocolError('Connection aborted.', ConnectionResetError(10054, 'An existing connection was forcibly closed by the remote host', None, 10054, None))': /JeevanBiju/Fall-Detection-Using-MLOps.mlflow/api/2.0/mlflow/runs/log-metric]
[2025-04-04 16:25:38,787: INFO: stage_04_model_evaluation: Logged metric from scores.json: loss = 740.8779907226562]
[2025-04-04 16:25:39,163: INFO: stage_04_model_evaluation: Logged metric from scores.json: accuracy = 0.5356695652008057]
[2025-04-04 16:25:39,163: INFO: stage_04_model_evaluation: Logging metrics from incorrect_predictions.json...]
[2025-04-04 16:25:39,565: INFO: stage_04_model_evaluation: Logged number of incorrect predictions: 10]
[2025-04-04 16:25:43,497: INFO: stage_04_model_evaluation: Incorrect predictions exceed threshold. Initiating retraining process...]
[2025-04-04 16:25:50,975: INFO: stage_03_model_trainer: >>>>>> stage Training started <<<<<<]
[2025-04-04 16:25:50,982: INFO: common: yaml file: E:\works\Main Project\Fall Detection Using MLOps\src\ChestCancerClassifier\config\config.yaml loaded successfully]
[2025-04-04 16:25:50,987: INFO: common: yaml file: E:\works\Main Project\Fall Detection Using MLOps\src\ChestCancerClassifier\params.yaml loaded successfully]
[2025-04-04 16:25:50,988: INFO: common: created directory at: artifacts]
[2025-04-04 16:25:50,990: INFO: common: created directory at: artifacts\training]
[2025-04-04 17:31:39,667: INFO: stage_03_model_trainer: >>>>>> stage Training completed <<<<<<

x==========x]
[2025-04-04 17:31:40,776: INFO: stage_04_model_evaluation: Retraining process completed successfully.]
[2025-04-04 17:31:59,966: WARNING: connectionpool: Retrying (Retry(total=4, connect=5, read=4, redirect=5, status=5)) after connection broken by 'ProtocolError('Connection aborted.', ConnectionResetError(10054, 'An existing connection was forcibly closed by the remote host', None, 10054, None))': /JeevanBiju/Fall-Detection-Using-MLOps.mlflow/api/2.0/mlflow/runs/update]
[2025-04-04 17:32:01,469: INFO: stage_04_model_evaluation: Evaluation run completed and logged successfully.]
[2025-04-04 17:32:01,469: INFO: stage_04_model_evaluation: >>>>>> stage Evaluation completed <<<<<<

x==========x]
